2023-01-28 06:47:58,360 ERROR [nioEventLoopGroup-5-3] com.hejz.nettyserver.RegisterHandler [RegisterHandler.java : 62] 通道：f1da6249,获取的byte[]长度： 4 ，不能解析数据,server received message：0D 0A 0D 0A 
2023-01-28 06:48:05,039 ERROR [nioEventLoopGroup-5-1] com.hejz.nettyserver.RegisterHandler [RegisterHandler.java : 62] 通道：94869025,获取的byte[]长度： 14 ，不能解析数据,server received message：00 0C 00 00 10 00 00 00 00 00 00 00 00 00 
2023-01-28 06:48:10,068 ERROR [nioEventLoopGroup-5-2] com.hejz.nettyserver.RegisterHandler [RegisterHandler.java : 62] 通道：c5738716,获取的byte[]长度： 6 ，不能解析数据,server received message：45 48 4C 4F 0D 0A 
2023-01-28 06:48:17,646 ERROR [nioEventLoopGroup-5-3] com.hejz.nettyserver.RegisterHandler [RegisterHandler.java : 62] 通道：891e66e0,获取的byte[]长度： 6 ，不能解析数据,server received message：48 45 4C 50 0D 0A 
2023-01-28 06:48:27,085 ERROR [nioEventLoopGroup-5-2] com.hejz.nettyserver.RegisterHandler [RegisterHandler.java : 62] 通道：41b40153,获取的byte[]长度： 12 ，不能解析数据,server received message：6C 00 0B 00 00 00 00 00 00 00 00 00 
2023-01-28 06:48:32,441 ERROR [nioEventLoopGroup-5-4] com.hejz.nettyserver.RegisterHandler [RegisterHandler.java : 62] 通道：4e49d37a,获取的byte[]长度： 9 ，不能解析数据,server received message：01 64 65 66 61 75 6C 74 0A 
2023-01-28 06:48:37,791 ERROR [nioEventLoopGroup-5-6] com.hejz.nettyserver.RegisterHandler [RegisterHandler.java : 62] 通道：efc5986d,获取的byte[]长度： 14 ，不能解析数据,server received message：30 0C 02 01 01 60 07 02 01 02 04 00 80 00 
2023-01-28 06:48:43,481 ERROR [nioEventLoopGroup-5-1] com.hejz.nettyserver.RegisterHandler [RegisterHandler.java : 62] 通道：42976423,获取的byte[]长度： 11 ，不能解析数据,server received message：03 00 00 0B 06 E0 00 00 00 00 00 
2023-01-28 06:48:49,492 ERROR [nioEventLoopGroup-5-5] com.hejz.nettyserver.RegisterHandler [RegisterHandler.java : 62] 通道：9529db53,获取的byte[]长度： 7 ，不能解析数据,server received message：4A 52 4D 49 00 02 4B 
2023-01-28 06:48:54,533 ERROR [nioEventLoopGroup-5-6] com.hejz.nettyserver.RegisterHandler [RegisterHandler.java : 62] 通道：e6bdb97e,获取的byte[]长度： 10 ，不能解析数据,server received message：01 00 00 00 01 00 00 00 08 08 
2023-01-28 06:48:59,582 ERROR [nioEventLoopGroup-5-7] com.hejz.nettyserver.RegisterHandler [RegisterHandler.java : 62] 通道：7ad10ad7,获取的byte[]长度： 12 ，不能解析数据,server received message：3C 20 4E 54 50 2F 31 2E 30 20 3E 0A 
2023-01-28 06:49:05,278 ERROR [nioEventLoopGroup-5-2] com.hejz.nettyserver.RegisterHandler [RegisterHandler.java : 62] 通道：a376876f,获取的byte[]长度： 10 ，不能解析数据,server received message：53 75 62 73 63 72 69 62 65 0A 
2023-01-28 06:49:16,320 ERROR [nioEventLoopGroup-5-3] com.hejz.nettyserver.RegisterHandler [RegisterHandler.java : 62] 通道：8a85fa4f,获取的byte[]长度： 6 ，不能解析数据,server received message：51 75 65 72 79 0A 
2023-01-28 06:49:21,756 ERROR [nioEventLoopGroup-5-5] com.hejz.nettyserver.RegisterHandler [RegisterHandler.java : 62] 通道：2c48a3f8,获取的byte[]长度： 13 ，不能解析数据,server received message：04 01 00 16 7F 00 00 01 72 6F 6F 74 00 
2023-01-28 06:49:27,132 ERROR [nioEventLoopGroup-5-7] com.hejz.nettyserver.RegisterHandler [RegisterHandler.java : 62] 通道：3412d15c,获取的byte[]长度： 7 ，不能解析数据,server received message：48 45 4C 50 0A 0A 00 
2023-01-28 06:49:32,168 ERROR [nioEventLoopGroup-5-8] com.hejz.nettyserver.RegisterHandler [RegisterHandler.java : 62] 通道：20a954ff,获取的byte[]长度： 7 ，不能解析数据,server received message：73 74 61 74 73 0D 0A 
2023-01-28 06:49:38,808 ERROR [nioEventLoopGroup-5-6] com.hejz.nettyserver.RegisterHandler [RegisterHandler.java : 62] 通道：2cb900db,获取的byte[]长度： 5 ，不能解析数据,server received message：12 34 00 01 0A 
2023-01-28 06:49:44,173 ERROR [nioEventLoopGroup-5-8] com.hejz.nettyserver.RegisterHandler [RegisterHandler.java : 62] 通道：f3de0306,获取的byte[]长度： 14 ，不能解析数据,server received message：73 65 72 76 65 72 73 74 61 74 75 73 0D 0A 
2023-01-28 06:49:49,531 ERROR [nioEventLoopGroup-5-2] com.hejz.nettyserver.RegisterHandler [RegisterHandler.java : 62] 通道：8ae01772,获取的byte[]长度： 4 ，不能解析数据,server received message：23 53 54 0A 
2023-01-28 06:49:56,886 ERROR [nioEventLoopGroup-5-8] com.hejz.nettyserver.RegisterHandler [RegisterHandler.java : 62] 通道：132c523b,获取的byte[]长度： 14 ，不能解析数据,server received message：2A 31 0D 0A 24 34 0D 0A 69 6E 66 6F 0D 0A 
2023-01-28 06:50:01,904 ERROR [nioEventLoopGroup-5-1] com.hejz.nettyserver.RegisterHandler [RegisterHandler.java : 62] 通道：aa3d53cd,获取的byte[]长度： 5 ，不能解析数据,server received message：00 00 00 01 07 
2023-01-28 06:50:06,947 ERROR [nioEventLoopGroup-5-2] com.hejz.nettyserver.RegisterHandler [RegisterHandler.java : 62] 通道：5322219c,获取的byte[]长度： 11 ，不能解析数据,server received message：73 68 6F 77 20 69 6E 66 6F 0D 0A 
2023-01-28 06:50:12,308 ERROR [nioEventLoopGroup-5-4] com.hejz.nettyserver.RegisterHandler [RegisterHandler.java : 62] 通道：07769592,获取的byte[]长度： 3 ，不能解析数据,server received message：00 01 6E 
2023-01-28 06:50:17,351 ERROR [nioEventLoopGroup-5-5] com.hejz.nettyserver.RegisterHandler [RegisterHandler.java : 62] 通道：a034342c,获取的byte[]长度： 3 ，不能解析数据,server received message：76 70 33 
2023-01-28 06:50:22,377 ERROR [nioEventLoopGroup-5-6] com.hejz.nettyserver.RegisterHandler [RegisterHandler.java : 62] 通道：7e60505f,获取的byte[]长度： 8 ，不能解析数据,server received message：94 00 CD EF D1 61 91 03 
2023-01-28 06:50:27,428 ERROR [nioEventLoopGroup-5-7] com.hejz.nettyserver.RegisterHandler [RegisterHandler.java : 62] 通道：a7678765,获取的byte[]长度： 2 ，不能解析数据,server received message：FE 01 
2023-01-28 06:50:32,815 ERROR [nioEventLoopGroup-5-1] com.hejz.nettyserver.RegisterHandler [RegisterHandler.java : 62] 通道：9a95daa9,获取的byte[]长度： 13 ，不能解析数据,server received message：00 00 07 00 08 00 03 00 04 00 05 00 06 
2023-01-28 06:50:38,499 ERROR [nioEventLoopGroup-5-4] com.hejz.nettyserver.RegisterHandler [RegisterHandler.java : 62] 通道：ceaccae0,获取的byte[]长度： 7 ，不能解析数据,server received message：56 45 52 53 49 4F 4E 
